<?xml version="1.0" encoding="UTF-8"?>
<testng-results ignored="0" total="1" passed="1" failed="0" skipped="0">
  <reporter-output>
  </reporter-output>
  <suite started-at="2024-04-22T15:13:02 IST" name="Default suite" finished-at="2024-04-22T15:13:02 IST" duration-ms="61">
    <groups>
    </groups>
    <test started-at="2024-04-22T15:13:02 IST" name="Default test" finished-at="2024-04-22T15:13:02 IST" duration-ms="61">
      <class name="sdet.Assesment.AppTest">
        <test-method signature="loginTest()[pri:0, instance:sdet.Assesment.AppTest@1c5920df]" started-at="2024-04-22T15:13:02 IST" name="loginTest" finished-at="2024-04-22T15:13:02 IST" duration-ms="8" status="PASS">
          <reporter-output>
          </reporter-output>
        </test-method> <!-- loginTest -->
      </class> <!-- sdet.Assesment.AppTest -->
    </test> <!-- Default test -->
  </suite> <!-- Default suite -->
</testng-results>
