<?xml version="1.0" encoding="UTF-8"?>
<testng-results ignored="0" total="1" passed="1" failed="0" skipped="0">
  <reporter-output>
  </reporter-output>
  <suite started-at="2024-04-22T19:24:30 IST" name="Test Suite" finished-at="2024-04-22T19:24:30 IST" duration-ms="419">
    <groups>
    </groups>
    <test started-at="2024-04-22T19:24:30 IST" name="loginTest" finished-at="2024-04-22T19:24:30 IST" duration-ms="419">
      <class name="sdet.Assesment.AppTest">
        <test-method is-config="true" signature="initialize()[pri:0, instance:sdet.Assesment.AppTest@624ea235]" started-at="2024-04-22T19:24:27 IST" name="initialize" finished-at="2024-04-22T19:24:30 IST" duration-ms="2822" status="PASS">
          <reporter-output>
          </reporter-output>
        </test-method> <!-- initialize -->
        <test-method signature="loginTest(java.lang.String,java.lang.String)[pri:0, instance:sdet.Assesment.AppTest@624ea235]" started-at="2024-04-22T19:24:30 IST" name="loginTest" finished-at="2024-04-22T19:24:30 IST" duration-ms="361" status="PASS">
          <params>
            <param index="0">
              <value>
                <![CDATA[standard_user]]>
              </value>
            </param>
            <param index="1">
              <value>
                <![CDATA[secret_sauce]]>
              </value>
            </param>
          </params>
          <reporter-output>
          </reporter-output>
        </test-method> <!-- loginTest -->
        <test-method is-config="true" signature="teardown()[pri:0, instance:sdet.Assesment.AppTest@624ea235]" started-at="2024-04-22T19:24:30 IST" name="teardown" finished-at="2024-04-22T19:24:30 IST" duration-ms="1" status="PASS">
          <reporter-output>
          </reporter-output>
        </test-method> <!-- teardown -->
      </class> <!-- sdet.Assesment.AppTest -->
    </test> <!-- loginTest -->
  </suite> <!-- Test Suite -->
</testng-results>
